  [1m[36m (1.3ms)[0m  [1mCREATE TABLE "schema_migrations" ("version" varchar(255) NOT NULL) [0m
  [1m[35m (1.6ms)[0m  CREATE UNIQUE INDEX "unique_schema_migrations" ON "schema_migrations" ("version")
  [1m[36mActiveRecord::SchemaMigration Load (0.1ms)[0m  [1mSELECT "schema_migrations".* FROM "schema_migrations"[0m
Migrating to CreateClientWorkouts (20130709165345)
  [1m[35m (0.1ms)[0m  begin transaction
  [1m[36m (0.4ms)[0m  [1mCREATE TABLE "client_workouts" ("id" INTEGER PRIMARY KEY AUTOINCREMENT NOT NULL, "client_name" varchar(255), "trainer" varchar(255), "duration_mins" integer, "date_of_workout" date, "paid_amount" decimal, "created_at" datetime, "updated_at" datetime) [0m
  [1m[35mSQL (0.3ms)[0m  INSERT INTO "schema_migrations" ("version") VALUES (?)  [["version", "20130709165345"]]
  [1m[36m (2.1ms)[0m  [1mcommit transaction[0m
  [1m[35mActiveRecord::SchemaMigration Load (0.2ms)[0m  SELECT "schema_migrations".* FROM "schema_migrations"


Started GET "/" for 127.0.0.1 at 2013-07-10 00:55:00 +0800
  [1m[36mActiveRecord::SchemaMigration Load (0.1ms)[0m  [1mSELECT "schema_migrations".* FROM "schema_migrations"[0m
Processing by Rails::WelcomeController#index as HTML
  Rendered /Users/zhanghao/.rvm/rubies/ruby-2.0.0-p247/lib/ruby/gems/2.0.0/gems/railties-4.0.0/lib/rails/templates/rails/welcome/index.html.erb (2.0ms)
Completed 200 OK in 163ms (Views: 55.5ms | ActiveRecord: 0.0ms)


Started GET "/client_workouts" for 127.0.0.1 at 2013-07-10 00:55:17 +0800
Processing by ClientWorkoutsController#index as HTML
  [1m[35mClientWorkout Load (30.5ms)[0m  SELECT "client_workouts".* FROM "client_workouts"
  Rendered client_workouts/index.html.erb within layouts/application (33.4ms)
Completed 200 OK in 1399ms (Views: 1364.3ms | ActiveRecord: 30.8ms)


Started GET "/assets/client_workouts.css?body=1" for 127.0.0.1 at 2013-07-10 00:55:18 +0800


Started GET "/assets/client_workouts.js?body=1" for 127.0.0.1 at 2013-07-10 00:55:18 +0800


Started GET "/assets/scaffolds.css?body=1" for 127.0.0.1 at 2013-07-10 00:55:18 +0800


Started GET "/assets/jquery_ujs.js?body=1" for 127.0.0.1 at 2013-07-10 00:55:18 +0800


Started GET "/assets/application.css?body=1" for 127.0.0.1 at 2013-07-10 00:55:18 +0800


Started GET "/assets/jquery.js?body=1" for 127.0.0.1 at 2013-07-10 00:55:18 +0800


Started GET "/assets/turbolinks.js?body=1" for 127.0.0.1 at 2013-07-10 00:55:18 +0800


Started GET "/assets/application.js?body=1" for 127.0.0.1 at 2013-07-10 00:55:18 +0800


Started GET "/client_workouts/new" for 127.0.0.1 at 2013-07-10 00:55:26 +0800
Processing by ClientWorkoutsController#new as HTML
  Rendered client_workouts/_form.html.erb (196.5ms)
  Rendered client_workouts/new.html.erb within layouts/application (218.0ms)
Completed 200 OK in 232ms (Views: 230.2ms | ActiveRecord: 0.2ms)


Started POST "/client_workouts" for 127.0.0.1 at 2013-07-10 00:56:10 +0800
Processing by ClientWorkoutsController#create as HTML
  Parameters: {"utf8"=>"✓", "authenticity_token"=>"v7SWfB5bt6BlMLCt3XZ9Xb6aB0soPMrHf3rgAkqwVAE=", "client_workout"=>{"client_name"=>"kirk", "trainer"=>"clint", "duration_mins"=>"60", "date_of_workout(1i)"=>"2009", "date_of_workout(2i)"=>"10", "date_of_workout(3i)"=>"5", "paid_amount"=>"50.0"}, "commit"=>"Create Client workout"}
  [1m[36m (0.2ms)[0m  [1mbegin transaction[0m
  [1m[35mSQL (58.0ms)[0m  INSERT INTO "client_workouts" ("client_name", "created_at", "date_of_workout", "duration_mins", "paid_amount", "trainer", "updated_at") VALUES (?, ?, ?, ?, ?, ?, ?)  [["client_name", "kirk"], ["created_at", Tue, 09 Jul 2013 16:56:10 UTC +00:00], ["date_of_workout", Mon, 05 Oct 2009], ["duration_mins", 60], ["paid_amount", #<BigDecimal:7fecfc33f1a8,'0.5E2',9(18)>], ["trainer", "clint"], ["updated_at", Tue, 09 Jul 2013 16:56:10 UTC +00:00]]
  [1m[36m (7.1ms)[0m  [1mcommit transaction[0m
Redirected to http://0.0.0.0:3000/client_workouts/1
Completed 302 Found in 91ms (ActiveRecord: 65.3ms)


Started GET "/client_workouts/1" for 127.0.0.1 at 2013-07-10 00:56:10 +0800
Processing by ClientWorkoutsController#show as HTML
  Parameters: {"id"=>"1"}
  [1m[35mClientWorkout Load (0.3ms)[0m  SELECT "client_workouts".* FROM "client_workouts" WHERE "client_workouts"."id" = ? LIMIT 1  [["id", "1"]]
  Rendered client_workouts/show.html.erb within layouts/application (1.5ms)
Completed 200 OK in 27ms (Views: 23.6ms | ActiveRecord: 0.3ms)


Started GET "/assets/application.css?body=1" for 127.0.0.1 at 2013-07-10 00:56:10 +0800


Started GET "/assets/client_workouts.css?body=1" for 127.0.0.1 at 2013-07-10 00:56:10 +0800


Started GET "/assets/client_workouts.js?body=1" for 127.0.0.1 at 2013-07-10 00:56:10 +0800


Started GET "/assets/scaffolds.css?body=1" for 127.0.0.1 at 2013-07-10 00:56:10 +0800


Started GET "/assets/jquery.js?body=1" for 127.0.0.1 at 2013-07-10 00:56:10 +0800


Started GET "/assets/jquery_ujs.js?body=1" for 127.0.0.1 at 2013-07-10 00:56:11 +0800


Started GET "/assets/application.js?body=1" for 127.0.0.1 at 2013-07-10 00:56:11 +0800


Started GET "/assets/turbolinks.js?body=1" for 127.0.0.1 at 2013-07-10 00:56:11 +0800


Started GET "/client_workouts" for 127.0.0.1 at 2013-07-10 00:56:13 +0800
Processing by ClientWorkoutsController#index as HTML
  [1m[36mClientWorkout Load (0.3ms)[0m  [1mSELECT "client_workouts".* FROM "client_workouts"[0m
  Rendered client_workouts/index.html.erb within layouts/application (3.5ms)
Completed 200 OK in 33ms (Views: 31.8ms | ActiveRecord: 0.3ms)


Started GET "/client_workouts/new" for 127.0.0.1 at 2013-07-10 00:56:15 +0800
Processing by ClientWorkoutsController#new as HTML
  Rendered client_workouts/_form.html.erb (9.5ms)
  Rendered client_workouts/new.html.erb within layouts/application (10.9ms)
Completed 200 OK in 19ms (Views: 17.6ms | ActiveRecord: 0.0ms)


Started POST "/client_workouts" for 127.0.0.1 at 2013-07-10 00:57:03 +0800
Processing by ClientWorkoutsController#create as HTML
  Parameters: {"utf8"=>"✓", "authenticity_token"=>"v7SWfB5bt6BlMLCt3XZ9Xb6aB0soPMrHf3rgAkqwVAE=", "client_workout"=>{"client_name"=>"lenny", "trainer"=>"clint", "duration_mins"=>"30", "date_of_workout(1i)"=>"2009", "date_of_workout(2i)"=>"7", "date_of_workout(3i)"=>"14", "paid_amount"=>"25.0"}, "commit"=>"Create Client workout"}
  [1m[35m (0.1ms)[0m  begin transaction
  [1m[36mSQL (0.5ms)[0m  [1mINSERT INTO "client_workouts" ("client_name", "created_at", "date_of_workout", "duration_mins", "paid_amount", "trainer", "updated_at") VALUES (?, ?, ?, ?, ?, ?, ?)[0m  [["client_name", "lenny"], ["created_at", Tue, 09 Jul 2013 16:57:03 UTC +00:00], ["date_of_workout", Tue, 14 Jul 2009], ["duration_mins", 30], ["paid_amount", #<BigDecimal:7fecfd14f6a8,'0.25E2',9(18)>], ["trainer", "clint"], ["updated_at", Tue, 09 Jul 2013 16:57:03 UTC +00:00]]
  [1m[35m (1.3ms)[0m  commit transaction
Redirected to http://0.0.0.0:3000/client_workouts/2
Completed 302 Found in 6ms (ActiveRecord: 1.9ms)


Started GET "/client_workouts/2" for 127.0.0.1 at 2013-07-10 00:57:03 +0800
Processing by ClientWorkoutsController#show as HTML
  Parameters: {"id"=>"2"}
  [1m[36mClientWorkout Load (0.3ms)[0m  [1mSELECT "client_workouts".* FROM "client_workouts" WHERE "client_workouts"."id" = ? LIMIT 1[0m  [["id", "2"]]
  Rendered client_workouts/show.html.erb within layouts/application (1.0ms)
Completed 200 OK in 10ms (Views: 7.5ms | ActiveRecord: 0.3ms)


Started GET "/assets/application.css?body=1" for 127.0.0.1 at 2013-07-10 00:57:03 +0800


Started GET "/assets/client_workouts.css?body=1" for 127.0.0.1 at 2013-07-10 00:57:03 +0800


Started GET "/assets/jquery.js?body=1" for 127.0.0.1 at 2013-07-10 00:57:03 +0800


Started GET "/assets/scaffolds.css?body=1" for 127.0.0.1 at 2013-07-10 00:57:03 +0800


Started GET "/assets/jquery_ujs.js?body=1" for 127.0.0.1 at 2013-07-10 00:57:03 +0800


Started GET "/assets/turbolinks.js?body=1" for 127.0.0.1 at 2013-07-10 00:57:03 +0800


Started GET "/assets/client_workouts.js?body=1" for 127.0.0.1 at 2013-07-10 00:57:03 +0800


Started GET "/assets/application.js?body=1" for 127.0.0.1 at 2013-07-10 00:57:03 +0800


Started GET "/client_workouts" for 127.0.0.1 at 2013-07-10 00:57:04 +0800
Processing by ClientWorkoutsController#index as HTML
  [1m[35mClientWorkout Load (0.3ms)[0m  SELECT "client_workouts".* FROM "client_workouts"
  Rendered client_workouts/index.html.erb within layouts/application (2.1ms)
Completed 200 OK in 8ms (Views: 7.0ms | ActiveRecord: 0.3ms)


Started GET "/client_workouts/new" for 127.0.0.1 at 2013-07-10 00:57:08 +0800
Processing by ClientWorkoutsController#new as HTML
  Rendered client_workouts/_form.html.erb (7.3ms)
  Rendered client_workouts/new.html.erb within layouts/application (8.4ms)
Completed 200 OK in 15ms (Views: 13.7ms | ActiveRecord: 0.0ms)


Started POST "/client_workouts" for 127.0.0.1 at 2013-07-10 00:57:32 +0800
Processing by ClientWorkoutsController#create as HTML
  Parameters: {"utf8"=>"✓", "authenticity_token"=>"v7SWfB5bt6BlMLCt3XZ9Xb6aB0soPMrHf3rgAkqwVAE=", "client_workout"=>{"client_name"=>"lenny", "trainer"=>"brad", "duration_mins"=>"30", "date_of_workout(1i)"=>"2009", "date_of_workout(2i)"=>"7", "date_of_workout(3i)"=>"19", "paid_amount"=>"25.0"}, "commit"=>"Create Client workout"}
  [1m[36m (0.1ms)[0m  [1mbegin transaction[0m
  [1m[35mSQL (0.4ms)[0m  INSERT INTO "client_workouts" ("client_name", "created_at", "date_of_workout", "duration_mins", "paid_amount", "trainer", "updated_at") VALUES (?, ?, ?, ?, ?, ?, ?)  [["client_name", "lenny"], ["created_at", Tue, 09 Jul 2013 16:57:32 UTC +00:00], ["date_of_workout", Sun, 19 Jul 2009], ["duration_mins", 30], ["paid_amount", #<BigDecimal:7fecfda2d3d8,'0.25E2',9(18)>], ["trainer", "brad"], ["updated_at", Tue, 09 Jul 2013 16:57:32 UTC +00:00]]
  [1m[36m (0.9ms)[0m  [1mcommit transaction[0m
Redirected to http://0.0.0.0:3000/client_workouts/3
Completed 302 Found in 6ms (ActiveRecord: 1.5ms)


Started GET "/client_workouts/3" for 127.0.0.1 at 2013-07-10 00:57:32 +0800
Processing by ClientWorkoutsController#show as HTML
  Parameters: {"id"=>"3"}
  [1m[35mClientWorkout Load (0.3ms)[0m  SELECT "client_workouts".* FROM "client_workouts" WHERE "client_workouts"."id" = ? LIMIT 1  [["id", "3"]]
  Rendered client_workouts/show.html.erb within layouts/application (0.5ms)
Completed 200 OK in 7ms (Views: 5.3ms | ActiveRecord: 0.3ms)


Started GET "/assets/application.css?body=1" for 127.0.0.1 at 2013-07-10 00:57:32 +0800


Started GET "/assets/turbolinks.js?body=1" for 127.0.0.1 at 2013-07-10 00:57:32 +0800


Started GET "/assets/jquery.js?body=1" for 127.0.0.1 at 2013-07-10 00:57:32 +0800


Started GET "/assets/jquery_ujs.js?body=1" for 127.0.0.1 at 2013-07-10 00:57:32 +0800


Started GET "/assets/client_workouts.css?body=1" for 127.0.0.1 at 2013-07-10 00:57:32 +0800


Started GET "/assets/scaffolds.css?body=1" for 127.0.0.1 at 2013-07-10 00:57:32 +0800


Started GET "/assets/client_workouts.js?body=1" for 127.0.0.1 at 2013-07-10 00:57:32 +0800


Started GET "/assets/application.js?body=1" for 127.0.0.1 at 2013-07-10 00:57:32 +0800


Started GET "/client_workouts" for 127.0.0.1 at 2013-07-10 00:57:34 +0800
Processing by ClientWorkoutsController#index as HTML
  [1m[36mClientWorkout Load (0.2ms)[0m  [1mSELECT "client_workouts".* FROM "client_workouts"[0m
  Rendered client_workouts/index.html.erb within layouts/application (3.0ms)
Completed 200 OK in 9ms (Views: 8.1ms | ActiveRecord: 0.2ms)


Started GET "/client_workouts" for 127.0.0.1 at 2013-07-10 01:15:06 +0800
Processing by ClientWorkoutsController#index as HTML
  [1m[35mClientWorkout Load (0.3ms)[0m  SELECT "client_workouts".* FROM "client_workouts"
  Rendered client_workouts/index.html.erb within layouts/client_workouts (32.5ms)
Completed 200 OK in 80ms (Views: 75.1ms | ActiveRecord: 1.1ms)


Started GET "/stylesheets/scaffold.css" for 127.0.0.1 at 2013-07-10 01:15:06 +0800

ActionController::RoutingError (No route matches [GET] "/stylesheets/scaffold.css"):
  actionpack (4.0.0) lib/action_dispatch/middleware/debug_exceptions.rb:21:in `call'
  actionpack (4.0.0) lib/action_dispatch/middleware/show_exceptions.rb:30:in `call'
  railties (4.0.0) lib/rails/rack/logger.rb:38:in `call_app'
  railties (4.0.0) lib/rails/rack/logger.rb:21:in `block in call'
  activesupport (4.0.0) lib/active_support/tagged_logging.rb:67:in `block in tagged'
  activesupport (4.0.0) lib/active_support/tagged_logging.rb:25:in `tagged'
  activesupport (4.0.0) lib/active_support/tagged_logging.rb:67:in `tagged'
  railties (4.0.0) lib/rails/rack/logger.rb:21:in `call'
  actionpack (4.0.0) lib/action_dispatch/middleware/request_id.rb:21:in `call'
  rack (1.5.2) lib/rack/methodoverride.rb:21:in `call'
  rack (1.5.2) lib/rack/runtime.rb:17:in `call'
  activesupport (4.0.0) lib/active_support/cache/strategy/local_cache.rb:83:in `call'
  rack (1.5.2) lib/rack/lock.rb:17:in `call'
  actionpack (4.0.0) lib/action_dispatch/middleware/static.rb:64:in `call'
  railties (4.0.0) lib/rails/engine.rb:511:in `call'
  railties (4.0.0) lib/rails/application.rb:97:in `call'
  rack (1.5.2) lib/rack/lock.rb:17:in `call'
  rack (1.5.2) lib/rack/content_length.rb:14:in `call'
  rack (1.5.2) lib/rack/handler/webrick.rb:60:in `service'
  /Users/zhanghao/.rvm/rubies/ruby-2.0.0-p247/lib/ruby/2.0.0/webrick/httpserver.rb:138:in `service'
  /Users/zhanghao/.rvm/rubies/ruby-2.0.0-p247/lib/ruby/2.0.0/webrick/httpserver.rb:94:in `run'
  /Users/zhanghao/.rvm/rubies/ruby-2.0.0-p247/lib/ruby/2.0.0/webrick/server.rb:295:in `block in start_thread'


  Rendered /Users/zhanghao/.rvm/rubies/ruby-2.0.0-p247/lib/ruby/gems/2.0.0/gems/actionpack-4.0.0/lib/action_dispatch/middleware/templates/rescues/_trace.erb (1.8ms)
  Rendered /Users/zhanghao/.rvm/rubies/ruby-2.0.0-p247/lib/ruby/gems/2.0.0/gems/actionpack-4.0.0/lib/action_dispatch/middleware/templates/routes/_route.html.erb (2.3ms)
  Rendered /Users/zhanghao/.rvm/rubies/ruby-2.0.0-p247/lib/ruby/gems/2.0.0/gems/actionpack-4.0.0/lib/action_dispatch/middleware/templates/routes/_table.html.erb (185.5ms)
  Rendered /Users/zhanghao/.rvm/rubies/ruby-2.0.0-p247/lib/ruby/gems/2.0.0/gems/actionpack-4.0.0/lib/action_dispatch/middleware/templates/rescues/routing_error.erb within rescues/layout (255.3ms)


Started GET "/client_workouts/1" for 127.0.0.1 at 2013-07-10 01:15:13 +0800
Processing by ClientWorkoutsController#show as HTML
  Parameters: {"id"=>"1"}
  [1m[36mClientWorkout Load (0.2ms)[0m  [1mSELECT "client_workouts".* FROM "client_workouts" WHERE "client_workouts"."id" = ? LIMIT 1[0m  [["id", "1"]]
  Rendered client_workouts/show.html.erb within layouts/client_workouts (0.7ms)
Completed 200 OK in 45ms (Views: 42.8ms | ActiveRecord: 0.2ms)


Started GET "/stylesheets/scaffold.css" for 127.0.0.1 at 2013-07-10 01:15:13 +0800

ActionController::RoutingError (No route matches [GET] "/stylesheets/scaffold.css"):
  actionpack (4.0.0) lib/action_dispatch/middleware/debug_exceptions.rb:21:in `call'
  actionpack (4.0.0) lib/action_dispatch/middleware/show_exceptions.rb:30:in `call'
  railties (4.0.0) lib/rails/rack/logger.rb:38:in `call_app'
  railties (4.0.0) lib/rails/rack/logger.rb:21:in `block in call'
  activesupport (4.0.0) lib/active_support/tagged_logging.rb:67:in `block in tagged'
  activesupport (4.0.0) lib/active_support/tagged_logging.rb:25:in `tagged'
  activesupport (4.0.0) lib/active_support/tagged_logging.rb:67:in `tagged'
  railties (4.0.0) lib/rails/rack/logger.rb:21:in `call'
  actionpack (4.0.0) lib/action_dispatch/middleware/request_id.rb:21:in `call'
  rack (1.5.2) lib/rack/methodoverride.rb:21:in `call'
  rack (1.5.2) lib/rack/runtime.rb:17:in `call'
  activesupport (4.0.0) lib/active_support/cache/strategy/local_cache.rb:83:in `call'
  rack (1.5.2) lib/rack/lock.rb:17:in `call'
  actionpack (4.0.0) lib/action_dispatch/middleware/static.rb:64:in `call'
  railties (4.0.0) lib/rails/engine.rb:511:in `call'
  railties (4.0.0) lib/rails/application.rb:97:in `call'
  rack (1.5.2) lib/rack/lock.rb:17:in `call'
  rack (1.5.2) lib/rack/content_length.rb:14:in `call'
  rack (1.5.2) lib/rack/handler/webrick.rb:60:in `service'
  /Users/zhanghao/.rvm/rubies/ruby-2.0.0-p247/lib/ruby/2.0.0/webrick/httpserver.rb:138:in `service'
  /Users/zhanghao/.rvm/rubies/ruby-2.0.0-p247/lib/ruby/2.0.0/webrick/httpserver.rb:94:in `run'
  /Users/zhanghao/.rvm/rubies/ruby-2.0.0-p247/lib/ruby/2.0.0/webrick/server.rb:295:in `block in start_thread'


  Rendered /Users/zhanghao/.rvm/rubies/ruby-2.0.0-p247/lib/ruby/gems/2.0.0/gems/actionpack-4.0.0/lib/action_dispatch/middleware/templates/rescues/_trace.erb (1.0ms)
  Rendered /Users/zhanghao/.rvm/rubies/ruby-2.0.0-p247/lib/ruby/gems/2.0.0/gems/actionpack-4.0.0/lib/action_dispatch/middleware/templates/routes/_route.html.erb (1.3ms)
  Rendered /Users/zhanghao/.rvm/rubies/ruby-2.0.0-p247/lib/ruby/gems/2.0.0/gems/actionpack-4.0.0/lib/action_dispatch/middleware/templates/routes/_table.html.erb (1.2ms)
  Rendered /Users/zhanghao/.rvm/rubies/ruby-2.0.0-p247/lib/ruby/gems/2.0.0/gems/actionpack-4.0.0/lib/action_dispatch/middleware/templates/rescues/routing_error.erb within rescues/layout (20.2ms)


Started GET "/client_workouts" for 127.0.0.1 at 2013-07-10 01:15:18 +0800
Processing by ClientWorkoutsController#index as HTML
  [1m[35mClientWorkout Load (0.2ms)[0m  SELECT "client_workouts".* FROM "client_workouts"
  Rendered client_workouts/index.html.erb within layouts/client_workouts (2.9ms)
Completed 200 OK in 13ms (Views: 11.9ms | ActiveRecord: 0.2ms)


Started GET "/stylesheets/scaffold.css" for 127.0.0.1 at 2013-07-10 01:15:18 +0800

ActionController::RoutingError (No route matches [GET] "/stylesheets/scaffold.css"):
  actionpack (4.0.0) lib/action_dispatch/middleware/debug_exceptions.rb:21:in `call'
  actionpack (4.0.0) lib/action_dispatch/middleware/show_exceptions.rb:30:in `call'
  railties (4.0.0) lib/rails/rack/logger.rb:38:in `call_app'
  railties (4.0.0) lib/rails/rack/logger.rb:21:in `block in call'
  activesupport (4.0.0) lib/active_support/tagged_logging.rb:67:in `block in tagged'
  activesupport (4.0.0) lib/active_support/tagged_logging.rb:25:in `tagged'
  activesupport (4.0.0) lib/active_support/tagged_logging.rb:67:in `tagged'
  railties (4.0.0) lib/rails/rack/logger.rb:21:in `call'
  actionpack (4.0.0) lib/action_dispatch/middleware/request_id.rb:21:in `call'
  rack (1.5.2) lib/rack/methodoverride.rb:21:in `call'
  rack (1.5.2) lib/rack/runtime.rb:17:in `call'
  activesupport (4.0.0) lib/active_support/cache/strategy/local_cache.rb:83:in `call'
  rack (1.5.2) lib/rack/lock.rb:17:in `call'
  actionpack (4.0.0) lib/action_dispatch/middleware/static.rb:64:in `call'
  railties (4.0.0) lib/rails/engine.rb:511:in `call'
  railties (4.0.0) lib/rails/application.rb:97:in `call'
  rack (1.5.2) lib/rack/lock.rb:17:in `call'
  rack (1.5.2) lib/rack/content_length.rb:14:in `call'
  rack (1.5.2) lib/rack/handler/webrick.rb:60:in `service'
  /Users/zhanghao/.rvm/rubies/ruby-2.0.0-p247/lib/ruby/2.0.0/webrick/httpserver.rb:138:in `service'
  /Users/zhanghao/.rvm/rubies/ruby-2.0.0-p247/lib/ruby/2.0.0/webrick/httpserver.rb:94:in `run'
  /Users/zhanghao/.rvm/rubies/ruby-2.0.0-p247/lib/ruby/2.0.0/webrick/server.rb:295:in `block in start_thread'


  Rendered /Users/zhanghao/.rvm/rubies/ruby-2.0.0-p247/lib/ruby/gems/2.0.0/gems/actionpack-4.0.0/lib/action_dispatch/middleware/templates/rescues/_trace.erb (1.1ms)
  Rendered /Users/zhanghao/.rvm/rubies/ruby-2.0.0-p247/lib/ruby/gems/2.0.0/gems/actionpack-4.0.0/lib/action_dispatch/middleware/templates/routes/_route.html.erb (1.8ms)
  Rendered /Users/zhanghao/.rvm/rubies/ruby-2.0.0-p247/lib/ruby/gems/2.0.0/gems/actionpack-4.0.0/lib/action_dispatch/middleware/templates/routes/_table.html.erb (1.4ms)
  Rendered /Users/zhanghao/.rvm/rubies/ruby-2.0.0-p247/lib/ruby/gems/2.0.0/gems/actionpack-4.0.0/lib/action_dispatch/middleware/templates/rescues/routing_error.erb within rescues/layout (21.5ms)


Started GET "/client_workouts/new" for 127.0.0.1 at 2013-07-10 01:15:21 +0800
Processing by ClientWorkoutsController#new as HTML
  Rendered client_workouts/_form.html.erb (5.8ms)
  Rendered client_workouts/new.html.erb within layouts/client_workouts (7.5ms)
Completed 200 OK in 70ms (Views: 68.6ms | ActiveRecord: 0.0ms)


Started GET "/stylesheets/scaffold.css" for 127.0.0.1 at 2013-07-10 01:15:21 +0800

ActionController::RoutingError (No route matches [GET] "/stylesheets/scaffold.css"):
  actionpack (4.0.0) lib/action_dispatch/middleware/debug_exceptions.rb:21:in `call'
  actionpack (4.0.0) lib/action_dispatch/middleware/show_exceptions.rb:30:in `call'
  railties (4.0.0) lib/rails/rack/logger.rb:38:in `call_app'
  railties (4.0.0) lib/rails/rack/logger.rb:21:in `block in call'
  activesupport (4.0.0) lib/active_support/tagged_logging.rb:67:in `block in tagged'
  activesupport (4.0.0) lib/active_support/tagged_logging.rb:25:in `tagged'
  activesupport (4.0.0) lib/active_support/tagged_logging.rb:67:in `tagged'
  railties (4.0.0) lib/rails/rack/logger.rb:21:in `call'
  actionpack (4.0.0) lib/action_dispatch/middleware/request_id.rb:21:in `call'
  rack (1.5.2) lib/rack/methodoverride.rb:21:in `call'
  rack (1.5.2) lib/rack/runtime.rb:17:in `call'
  activesupport (4.0.0) lib/active_support/cache/strategy/local_cache.rb:83:in `call'
  rack (1.5.2) lib/rack/lock.rb:17:in `call'
  actionpack (4.0.0) lib/action_dispatch/middleware/static.rb:64:in `call'
  railties (4.0.0) lib/rails/engine.rb:511:in `call'
  railties (4.0.0) lib/rails/application.rb:97:in `call'
  rack (1.5.2) lib/rack/lock.rb:17:in `call'
  rack (1.5.2) lib/rack/content_length.rb:14:in `call'
  rack (1.5.2) lib/rack/handler/webrick.rb:60:in `service'
  /Users/zhanghao/.rvm/rubies/ruby-2.0.0-p247/lib/ruby/2.0.0/webrick/httpserver.rb:138:in `service'
  /Users/zhanghao/.rvm/rubies/ruby-2.0.0-p247/lib/ruby/2.0.0/webrick/httpserver.rb:94:in `run'
  /Users/zhanghao/.rvm/rubies/ruby-2.0.0-p247/lib/ruby/2.0.0/webrick/server.rb:295:in `block in start_thread'


  Rendered /Users/zhanghao/.rvm/rubies/ruby-2.0.0-p247/lib/ruby/gems/2.0.0/gems/actionpack-4.0.0/lib/action_dispatch/middleware/templates/rescues/_trace.erb (1.1ms)
  Rendered /Users/zhanghao/.rvm/rubies/ruby-2.0.0-p247/lib/ruby/gems/2.0.0/gems/actionpack-4.0.0/lib/action_dispatch/middleware/templates/routes/_route.html.erb (2.1ms)
  Rendered /Users/zhanghao/.rvm/rubies/ruby-2.0.0-p247/lib/ruby/gems/2.0.0/gems/actionpack-4.0.0/lib/action_dispatch/middleware/templates/routes/_table.html.erb (2.0ms)
  Rendered /Users/zhanghao/.rvm/rubies/ruby-2.0.0-p247/lib/ruby/gems/2.0.0/gems/actionpack-4.0.0/lib/action_dispatch/middleware/templates/rescues/routing_error.erb within rescues/layout (28.0ms)


Started GET "/client_workouts" for 127.0.0.1 at 2013-07-10 01:15:22 +0800
Processing by ClientWorkoutsController#index as HTML
  [1m[36mClientWorkout Load (0.2ms)[0m  [1mSELECT "client_workouts".* FROM "client_workouts"[0m
  Rendered client_workouts/index.html.erb within layouts/client_workouts (2.7ms)
Completed 200 OK in 14ms (Views: 12.6ms | ActiveRecord: 0.2ms)


Started GET "/stylesheets/scaffold.css" for 127.0.0.1 at 2013-07-10 01:15:22 +0800

ActionController::RoutingError (No route matches [GET] "/stylesheets/scaffold.css"):
  actionpack (4.0.0) lib/action_dispatch/middleware/debug_exceptions.rb:21:in `call'
  actionpack (4.0.0) lib/action_dispatch/middleware/show_exceptions.rb:30:in `call'
  railties (4.0.0) lib/rails/rack/logger.rb:38:in `call_app'
  railties (4.0.0) lib/rails/rack/logger.rb:21:in `block in call'
  activesupport (4.0.0) lib/active_support/tagged_logging.rb:67:in `block in tagged'
  activesupport (4.0.0) lib/active_support/tagged_logging.rb:25:in `tagged'
  activesupport (4.0.0) lib/active_support/tagged_logging.rb:67:in `tagged'
  railties (4.0.0) lib/rails/rack/logger.rb:21:in `call'
  actionpack (4.0.0) lib/action_dispatch/middleware/request_id.rb:21:in `call'
  rack (1.5.2) lib/rack/methodoverride.rb:21:in `call'
  rack (1.5.2) lib/rack/runtime.rb:17:in `call'
  activesupport (4.0.0) lib/active_support/cache/strategy/local_cache.rb:83:in `call'
  rack (1.5.2) lib/rack/lock.rb:17:in `call'
  actionpack (4.0.0) lib/action_dispatch/middleware/static.rb:64:in `call'
  railties (4.0.0) lib/rails/engine.rb:511:in `call'
  railties (4.0.0) lib/rails/application.rb:97:in `call'
  rack (1.5.2) lib/rack/lock.rb:17:in `call'
  rack (1.5.2) lib/rack/content_length.rb:14:in `call'
  rack (1.5.2) lib/rack/handler/webrick.rb:60:in `service'
  /Users/zhanghao/.rvm/rubies/ruby-2.0.0-p247/lib/ruby/2.0.0/webrick/httpserver.rb:138:in `service'
  /Users/zhanghao/.rvm/rubies/ruby-2.0.0-p247/lib/ruby/2.0.0/webrick/httpserver.rb:94:in `run'
  /Users/zhanghao/.rvm/rubies/ruby-2.0.0-p247/lib/ruby/2.0.0/webrick/server.rb:295:in `block in start_thread'


  Rendered /Users/zhanghao/.rvm/rubies/ruby-2.0.0-p247/lib/ruby/gems/2.0.0/gems/actionpack-4.0.0/lib/action_dispatch/middleware/templates/rescues/_trace.erb (1.3ms)
  Rendered /Users/zhanghao/.rvm/rubies/ruby-2.0.0-p247/lib/ruby/gems/2.0.0/gems/actionpack-4.0.0/lib/action_dispatch/middleware/templates/routes/_route.html.erb (1.4ms)
  Rendered /Users/zhanghao/.rvm/rubies/ruby-2.0.0-p247/lib/ruby/gems/2.0.0/gems/actionpack-4.0.0/lib/action_dispatch/middleware/templates/routes/_table.html.erb (1.7ms)
  Rendered /Users/zhanghao/.rvm/rubies/ruby-2.0.0-p247/lib/ruby/gems/2.0.0/gems/actionpack-4.0.0/lib/action_dispatch/middleware/templates/rescues/routing_error.erb within rescues/layout (24.7ms)


Started GET "/client_workouts" for 127.0.0.1 at 2013-07-10 01:23:15 +0800
Processing by ClientWorkoutsController#index as HTML
  [1m[35mClientWorkout Load (0.3ms)[0m  SELECT "client_workouts".* FROM "client_workouts"
  Rendered client_workouts/index.html.erb within layouts/client_workouts (3.5ms)
Completed 200 OK in 73ms (Views: 71.4ms | ActiveRecord: 0.3ms)


Started GET "/stylesheets/scaffold.css" for 127.0.0.1 at 2013-07-10 01:23:15 +0800

ActionController::RoutingError (No route matches [GET] "/stylesheets/scaffold.css"):
  actionpack (4.0.0) lib/action_dispatch/middleware/debug_exceptions.rb:21:in `call'
  actionpack (4.0.0) lib/action_dispatch/middleware/show_exceptions.rb:30:in `call'
  railties (4.0.0) lib/rails/rack/logger.rb:38:in `call_app'
  railties (4.0.0) lib/rails/rack/logger.rb:21:in `block in call'
  activesupport (4.0.0) lib/active_support/tagged_logging.rb:67:in `block in tagged'
  activesupport (4.0.0) lib/active_support/tagged_logging.rb:25:in `tagged'
  activesupport (4.0.0) lib/active_support/tagged_logging.rb:67:in `tagged'
  railties (4.0.0) lib/rails/rack/logger.rb:21:in `call'
  actionpack (4.0.0) lib/action_dispatch/middleware/request_id.rb:21:in `call'
  rack (1.5.2) lib/rack/methodoverride.rb:21:in `call'
  rack (1.5.2) lib/rack/runtime.rb:17:in `call'
  activesupport (4.0.0) lib/active_support/cache/strategy/local_cache.rb:83:in `call'
  rack (1.5.2) lib/rack/lock.rb:17:in `call'
  actionpack (4.0.0) lib/action_dispatch/middleware/static.rb:64:in `call'
  railties (4.0.0) lib/rails/engine.rb:511:in `call'
  railties (4.0.0) lib/rails/application.rb:97:in `call'
  rack (1.5.2) lib/rack/lock.rb:17:in `call'
  rack (1.5.2) lib/rack/content_length.rb:14:in `call'
  rack (1.5.2) lib/rack/handler/webrick.rb:60:in `service'
  /Users/zhanghao/.rvm/rubies/ruby-2.0.0-p247/lib/ruby/2.0.0/webrick/httpserver.rb:138:in `service'
  /Users/zhanghao/.rvm/rubies/ruby-2.0.0-p247/lib/ruby/2.0.0/webrick/httpserver.rb:94:in `run'
  /Users/zhanghao/.rvm/rubies/ruby-2.0.0-p247/lib/ruby/2.0.0/webrick/server.rb:295:in `block in start_thread'


  Rendered /Users/zhanghao/.rvm/rubies/ruby-2.0.0-p247/lib/ruby/gems/2.0.0/gems/actionpack-4.0.0/lib/action_dispatch/middleware/templates/rescues/_trace.erb (1.8ms)
  Rendered /Users/zhanghao/.rvm/rubies/ruby-2.0.0-p247/lib/ruby/gems/2.0.0/gems/actionpack-4.0.0/lib/action_dispatch/middleware/templates/routes/_route.html.erb (1.8ms)
  Rendered /Users/zhanghao/.rvm/rubies/ruby-2.0.0-p247/lib/ruby/gems/2.0.0/gems/actionpack-4.0.0/lib/action_dispatch/middleware/templates/routes/_table.html.erb (2.1ms)
  Rendered /Users/zhanghao/.rvm/rubies/ruby-2.0.0-p247/lib/ruby/gems/2.0.0/gems/actionpack-4.0.0/lib/action_dispatch/middleware/templates/rescues/routing_error.erb within rescues/layout (42.9ms)


Started GET "/client_workouts/1" for 127.0.0.1 at 2013-07-10 01:23:18 +0800
Processing by ClientWorkoutsController#show as HTML
  Parameters: {"id"=>"1"}
  [1m[36mClientWorkout Load (0.2ms)[0m  [1mSELECT "client_workouts".* FROM "client_workouts" WHERE "client_workouts"."id" = ? LIMIT 1[0m  [["id", "1"]]
  Rendered client_workouts/show.html.erb within layouts/client_workouts (0.9ms)
Completed 200 OK in 26ms (Views: 23.7ms | ActiveRecord: 0.2ms)


Started GET "/stylesheets/scaffold.css" for 127.0.0.1 at 2013-07-10 01:23:18 +0800

ActionController::RoutingError (No route matches [GET] "/stylesheets/scaffold.css"):
  actionpack (4.0.0) lib/action_dispatch/middleware/debug_exceptions.rb:21:in `call'
  actionpack (4.0.0) lib/action_dispatch/middleware/show_exceptions.rb:30:in `call'
  railties (4.0.0) lib/rails/rack/logger.rb:38:in `call_app'
  railties (4.0.0) lib/rails/rack/logger.rb:21:in `block in call'
  activesupport (4.0.0) lib/active_support/tagged_logging.rb:67:in `block in tagged'
  activesupport (4.0.0) lib/active_support/tagged_logging.rb:25:in `tagged'
  activesupport (4.0.0) lib/active_support/tagged_logging.rb:67:in `tagged'
  railties (4.0.0) lib/rails/rack/logger.rb:21:in `call'
  actionpack (4.0.0) lib/action_dispatch/middleware/request_id.rb:21:in `call'
  rack (1.5.2) lib/rack/methodoverride.rb:21:in `call'
  rack (1.5.2) lib/rack/runtime.rb:17:in `call'
  activesupport (4.0.0) lib/active_support/cache/strategy/local_cache.rb:83:in `call'
  rack (1.5.2) lib/rack/lock.rb:17:in `call'
  actionpack (4.0.0) lib/action_dispatch/middleware/static.rb:64:in `call'
  railties (4.0.0) lib/rails/engine.rb:511:in `call'
  railties (4.0.0) lib/rails/application.rb:97:in `call'
  rack (1.5.2) lib/rack/lock.rb:17:in `call'
  rack (1.5.2) lib/rack/content_length.rb:14:in `call'
  rack (1.5.2) lib/rack/handler/webrick.rb:60:in `service'
  /Users/zhanghao/.rvm/rubies/ruby-2.0.0-p247/lib/ruby/2.0.0/webrick/httpserver.rb:138:in `service'
  /Users/zhanghao/.rvm/rubies/ruby-2.0.0-p247/lib/ruby/2.0.0/webrick/httpserver.rb:94:in `run'
  /Users/zhanghao/.rvm/rubies/ruby-2.0.0-p247/lib/ruby/2.0.0/webrick/server.rb:295:in `block in start_thread'


  Rendered /Users/zhanghao/.rvm/rubies/ruby-2.0.0-p247/lib/ruby/gems/2.0.0/gems/actionpack-4.0.0/lib/action_dispatch/middleware/templates/rescues/_trace.erb (2.0ms)
  Rendered /Users/zhanghao/.rvm/rubies/ruby-2.0.0-p247/lib/ruby/gems/2.0.0/gems/actionpack-4.0.0/lib/action_dispatch/middleware/templates/routes/_route.html.erb (1.6ms)
  Rendered /Users/zhanghao/.rvm/rubies/ruby-2.0.0-p247/lib/ruby/gems/2.0.0/gems/actionpack-4.0.0/lib/action_dispatch/middleware/templates/routes/_table.html.erb (2.8ms)
  Rendered /Users/zhanghao/.rvm/rubies/ruby-2.0.0-p247/lib/ruby/gems/2.0.0/gems/actionpack-4.0.0/lib/action_dispatch/middleware/templates/rescues/routing_error.erb within rescues/layout (33.1ms)


Started GET "/client_workouts/1/edit" for 127.0.0.1 at 2013-07-10 01:23:21 +0800
Processing by ClientWorkoutsController#edit as HTML
  Parameters: {"id"=>"1"}
  [1m[35mClientWorkout Load (0.2ms)[0m  SELECT "client_workouts".* FROM "client_workouts" WHERE "client_workouts"."id" = ? LIMIT 1  [["id", "1"]]
  Rendered client_workouts/_form.html.erb (37.3ms)
  Rendered client_workouts/edit.html.erb within layouts/client_workouts (39.9ms)
Completed 200 OK in 67ms (Views: 65.2ms | ActiveRecord: 0.2ms)


Started GET "/stylesheets/scaffold.css" for 127.0.0.1 at 2013-07-10 01:23:21 +0800

ActionController::RoutingError (No route matches [GET] "/stylesheets/scaffold.css"):
  actionpack (4.0.0) lib/action_dispatch/middleware/debug_exceptions.rb:21:in `call'
  actionpack (4.0.0) lib/action_dispatch/middleware/show_exceptions.rb:30:in `call'
  railties (4.0.0) lib/rails/rack/logger.rb:38:in `call_app'
  railties (4.0.0) lib/rails/rack/logger.rb:21:in `block in call'
  activesupport (4.0.0) lib/active_support/tagged_logging.rb:67:in `block in tagged'
  activesupport (4.0.0) lib/active_support/tagged_logging.rb:25:in `tagged'
  activesupport (4.0.0) lib/active_support/tagged_logging.rb:67:in `tagged'
  railties (4.0.0) lib/rails/rack/logger.rb:21:in `call'
  actionpack (4.0.0) lib/action_dispatch/middleware/request_id.rb:21:in `call'
  rack (1.5.2) lib/rack/methodoverride.rb:21:in `call'
  rack (1.5.2) lib/rack/runtime.rb:17:in `call'
  activesupport (4.0.0) lib/active_support/cache/strategy/local_cache.rb:83:in `call'
  rack (1.5.2) lib/rack/lock.rb:17:in `call'
  actionpack (4.0.0) lib/action_dispatch/middleware/static.rb:64:in `call'
  railties (4.0.0) lib/rails/engine.rb:511:in `call'
  railties (4.0.0) lib/rails/application.rb:97:in `call'
  rack (1.5.2) lib/rack/lock.rb:17:in `call'
  rack (1.5.2) lib/rack/content_length.rb:14:in `call'
  rack (1.5.2) lib/rack/handler/webrick.rb:60:in `service'
  /Users/zhanghao/.rvm/rubies/ruby-2.0.0-p247/lib/ruby/2.0.0/webrick/httpserver.rb:138:in `service'
  /Users/zhanghao/.rvm/rubies/ruby-2.0.0-p247/lib/ruby/2.0.0/webrick/httpserver.rb:94:in `run'
  /Users/zhanghao/.rvm/rubies/ruby-2.0.0-p247/lib/ruby/2.0.0/webrick/server.rb:295:in `block in start_thread'


  Rendered /Users/zhanghao/.rvm/rubies/ruby-2.0.0-p247/lib/ruby/gems/2.0.0/gems/actionpack-4.0.0/lib/action_dispatch/middleware/templates/rescues/_trace.erb (1.3ms)
  Rendered /Users/zhanghao/.rvm/rubies/ruby-2.0.0-p247/lib/ruby/gems/2.0.0/gems/actionpack-4.0.0/lib/action_dispatch/middleware/templates/routes/_route.html.erb (1.7ms)
  Rendered /Users/zhanghao/.rvm/rubies/ruby-2.0.0-p247/lib/ruby/gems/2.0.0/gems/actionpack-4.0.0/lib/action_dispatch/middleware/templates/routes/_table.html.erb (1.5ms)
  Rendered /Users/zhanghao/.rvm/rubies/ruby-2.0.0-p247/lib/ruby/gems/2.0.0/gems/actionpack-4.0.0/lib/action_dispatch/middleware/templates/rescues/routing_error.erb within rescues/layout (25.4ms)


Started GET "/client_workouts" for 127.0.0.1 at 2013-07-10 01:23:23 +0800
Processing by ClientWorkoutsController#index as HTML
  [1m[36mClientWorkout Load (0.2ms)[0m  [1mSELECT "client_workouts".* FROM "client_workouts"[0m
  Rendered client_workouts/index.html.erb within layouts/client_workouts (3.0ms)
Completed 200 OK in 13ms (Views: 11.4ms | ActiveRecord: 0.2ms)


Started GET "/stylesheets/scaffold.css" for 127.0.0.1 at 2013-07-10 01:23:23 +0800

ActionController::RoutingError (No route matches [GET] "/stylesheets/scaffold.css"):
  actionpack (4.0.0) lib/action_dispatch/middleware/debug_exceptions.rb:21:in `call'
  actionpack (4.0.0) lib/action_dispatch/middleware/show_exceptions.rb:30:in `call'
  railties (4.0.0) lib/rails/rack/logger.rb:38:in `call_app'
  railties (4.0.0) lib/rails/rack/logger.rb:21:in `block in call'
  activesupport (4.0.0) lib/active_support/tagged_logging.rb:67:in `block in tagged'
  activesupport (4.0.0) lib/active_support/tagged_logging.rb:25:in `tagged'
  activesupport (4.0.0) lib/active_support/tagged_logging.rb:67:in `tagged'
  railties (4.0.0) lib/rails/rack/logger.rb:21:in `call'
  actionpack (4.0.0) lib/action_dispatch/middleware/request_id.rb:21:in `call'
  rack (1.5.2) lib/rack/methodoverride.rb:21:in `call'
  rack (1.5.2) lib/rack/runtime.rb:17:in `call'
  activesupport (4.0.0) lib/active_support/cache/strategy/local_cache.rb:83:in `call'
  rack (1.5.2) lib/rack/lock.rb:17:in `call'
  actionpack (4.0.0) lib/action_dispatch/middleware/static.rb:64:in `call'
  railties (4.0.0) lib/rails/engine.rb:511:in `call'
  railties (4.0.0) lib/rails/application.rb:97:in `call'
  rack (1.5.2) lib/rack/lock.rb:17:in `call'
  rack (1.5.2) lib/rack/content_length.rb:14:in `call'
  rack (1.5.2) lib/rack/handler/webrick.rb:60:in `service'
  /Users/zhanghao/.rvm/rubies/ruby-2.0.0-p247/lib/ruby/2.0.0/webrick/httpserver.rb:138:in `service'
  /Users/zhanghao/.rvm/rubies/ruby-2.0.0-p247/lib/ruby/2.0.0/webrick/httpserver.rb:94:in `run'
  /Users/zhanghao/.rvm/rubies/ruby-2.0.0-p247/lib/ruby/2.0.0/webrick/server.rb:295:in `block in start_thread'


  Rendered /Users/zhanghao/.rvm/rubies/ruby-2.0.0-p247/lib/ruby/gems/2.0.0/gems/actionpack-4.0.0/lib/action_dispatch/middleware/templates/rescues/_trace.erb (0.9ms)
  Rendered /Users/zhanghao/.rvm/rubies/ruby-2.0.0-p247/lib/ruby/gems/2.0.0/gems/actionpack-4.0.0/lib/action_dispatch/middleware/templates/routes/_route.html.erb (1.4ms)
  Rendered /Users/zhanghao/.rvm/rubies/ruby-2.0.0-p247/lib/ruby/gems/2.0.0/gems/actionpack-4.0.0/lib/action_dispatch/middleware/templates/routes/_table.html.erb (1.0ms)
  Rendered /Users/zhanghao/.rvm/rubies/ruby-2.0.0-p247/lib/ruby/gems/2.0.0/gems/actionpack-4.0.0/lib/action_dispatch/middleware/templates/rescues/routing_error.erb within rescues/layout (19.3ms)


Started GET "/client_workouts" for 127.0.0.1 at 2013-07-10 01:24:45 +0800
Processing by ClientWorkoutsController#index as HTML
  [1m[35mClientWorkout Load (0.2ms)[0m  SELECT "client_workouts".* FROM "client_workouts"
  Rendered client_workouts/index.html.erb within layouts/client_workouts (3.3ms)
Completed 200 OK in 20ms (Views: 19.0ms | ActiveRecord: 0.2ms)


Started GET "/client_workouts/1" for 127.0.0.1 at 2013-07-10 01:24:51 +0800
Processing by ClientWorkoutsController#show as HTML
  Parameters: {"id"=>"1"}
  [1m[36mClientWorkout Load (0.2ms)[0m  [1mSELECT "client_workouts".* FROM "client_workouts" WHERE "client_workouts"."id" = ? LIMIT 1[0m  [["id", "1"]]
  Rendered client_workouts/show.html.erb within layouts/client_workouts (0.6ms)
Completed 200 OK in 34ms (Views: 31.8ms | ActiveRecord: 0.2ms)


Started GET "/client_workouts" for 127.0.0.1 at 2013-07-10 01:24:55 +0800
Processing by ClientWorkoutsController#index as HTML
  [1m[35mClientWorkout Load (0.5ms)[0m  SELECT "client_workouts".* FROM "client_workouts"
  Rendered client_workouts/index.html.erb within layouts/client_workouts (47.4ms)
Completed 200 OK in 62ms (Views: 60.4ms | ActiveRecord: 0.5ms)


Started GET "/client_workouts/2" for 127.0.0.1 at 2013-07-10 01:26:16 +0800
Processing by ClientWorkoutsController#show as HTML
  Parameters: {"id"=>"2"}
  [1m[36mClientWorkout Load (0.2ms)[0m  [1mSELECT "client_workouts".* FROM "client_workouts" WHERE "client_workouts"."id" = ? LIMIT 1[0m  [["id", "2"]]
  Rendered client_workouts/show.html.erb within layouts/client_workouts (0.6ms)
Completed 200 OK in 11ms (Views: 9.1ms | ActiveRecord: 0.2ms)


Started GET "/client_workouts" for 127.0.0.1 at 2013-07-10 01:29:43 +0800
Processing by ClientWorkoutsController#index as HTML
  [1m[35mClientWorkout Load (0.3ms)[0m  SELECT "client_workouts".* FROM "client_workouts"
  Rendered client_workouts/index.html.erb within layouts/client_workouts (3.7ms)
Completed 200 OK in 15ms (Views: 14.1ms | ActiveRecord: 0.3ms)


Started GET "/client_workouts" for 127.0.0.1 at 2013-07-10 01:36:06 +0800
Processing by ClientWorkoutsController#index as HTML
  [1m[36mClientWorkout Load (0.2ms)[0m  [1mSELECT "client_workouts".* FROM "client_workouts"[0m
  Rendered client_workouts/index.html.erb within layouts/client_workouts (3.2ms)
Completed 200 OK in 31ms (Views: 29.1ms | ActiveRecord: 0.2ms)


Started GET "/client_workouts/1" for 127.0.0.1 at 2013-07-10 01:36:10 +0800
Processing by ClientWorkoutsController#show as HTML
  Parameters: {"id"=>"1"}
  [1m[35mClientWorkout Load (0.2ms)[0m  SELECT "client_workouts".* FROM "client_workouts" WHERE "client_workouts"."id" = ? LIMIT 1  [["id", "1"]]
  Rendered client_workouts/show.html.erb within layouts/client_workouts (0.7ms)
Completed 200 OK in 12ms (Views: 10.3ms | ActiveRecord: 0.2ms)


Started GET "/client_workouts/1" for 127.0.0.1 at 2013-07-10 01:36:51 +0800
Processing by ClientWorkoutsController#show as HTML
  Parameters: {"id"=>"1"}
  [1m[36mClientWorkout Load (0.2ms)[0m  [1mSELECT "client_workouts".* FROM "client_workouts" WHERE "client_workouts"."id" = ? LIMIT 1[0m  [["id", "1"]]
  Rendered client_workouts/show.html.erb within layouts/client_workouts (0.7ms)
Completed 200 OK in 98ms (Views: 96.2ms | ActiveRecord: 0.2ms)


Started GET "/client_workouts" for 127.0.0.1 at 2013-07-10 01:36:53 +0800
Processing by ClientWorkoutsController#index as HTML
  [1m[35mClientWorkout Load (0.2ms)[0m  SELECT "client_workouts".* FROM "client_workouts"
  Rendered client_workouts/index.html.erb within layouts/client_workouts (2.3ms)
Completed 200 OK in 37ms (Views: 35.9ms | ActiveRecord: 0.2ms)


Started GET "/client_workouts/1/edit" for 127.0.0.1 at 2013-07-10 01:37:41 +0800
Processing by ClientWorkoutsController#edit as HTML
  Parameters: {"id"=>"1"}
  [1m[36mClientWorkout Load (0.2ms)[0m  [1mSELECT "client_workouts".* FROM "client_workouts" WHERE "client_workouts"."id" = ? LIMIT 1[0m  [["id", "1"]]
  Rendered client_workouts/_form.html.erb (5.5ms)
  Rendered client_workouts/edit.html.erb within layouts/client_workouts (7.2ms)
Completed 200 OK in 297ms (Views: 295.1ms | ActiveRecord: 0.2ms)


Started GET "/client_workouts" for 127.0.0.1 at 2013-07-10 01:37:44 +0800
Processing by ClientWorkoutsController#index as HTML
  [1m[35mClientWorkout Load (0.2ms)[0m  SELECT "client_workouts".* FROM "client_workouts"
  Rendered client_workouts/index.html.erb within layouts/client_workouts (3.6ms)
Completed 200 OK in 88ms (Views: 87.0ms | ActiveRecord: 0.2ms)


Started GET "/ads/" for 127.0.0.1 at 2013-07-10 01:37:52 +0800

ActionController::RoutingError (No route matches [GET] "/ads"):
  actionpack (4.0.0) lib/action_dispatch/middleware/debug_exceptions.rb:21:in `call'
  actionpack (4.0.0) lib/action_dispatch/middleware/show_exceptions.rb:30:in `call'
  railties (4.0.0) lib/rails/rack/logger.rb:38:in `call_app'
  railties (4.0.0) lib/rails/rack/logger.rb:21:in `block in call'
  activesupport (4.0.0) lib/active_support/tagged_logging.rb:67:in `block in tagged'
  activesupport (4.0.0) lib/active_support/tagged_logging.rb:25:in `tagged'
  activesupport (4.0.0) lib/active_support/tagged_logging.rb:67:in `tagged'
  railties (4.0.0) lib/rails/rack/logger.rb:21:in `call'
  actionpack (4.0.0) lib/action_dispatch/middleware/request_id.rb:21:in `call'
  rack (1.5.2) lib/rack/methodoverride.rb:21:in `call'
  rack (1.5.2) lib/rack/runtime.rb:17:in `call'
  activesupport (4.0.0) lib/active_support/cache/strategy/local_cache.rb:83:in `call'
  rack (1.5.2) lib/rack/lock.rb:17:in `call'
  actionpack (4.0.0) lib/action_dispatch/middleware/static.rb:64:in `call'
  railties (4.0.0) lib/rails/engine.rb:511:in `call'
  railties (4.0.0) lib/rails/application.rb:97:in `call'
  rack (1.5.2) lib/rack/lock.rb:17:in `call'
  rack (1.5.2) lib/rack/content_length.rb:14:in `call'
  rack (1.5.2) lib/rack/handler/webrick.rb:60:in `service'
  /Users/zhanghao/.rvm/rubies/ruby-2.0.0-p247/lib/ruby/2.0.0/webrick/httpserver.rb:138:in `service'
  /Users/zhanghao/.rvm/rubies/ruby-2.0.0-p247/lib/ruby/2.0.0/webrick/httpserver.rb:94:in `run'
  /Users/zhanghao/.rvm/rubies/ruby-2.0.0-p247/lib/ruby/2.0.0/webrick/server.rb:295:in `block in start_thread'


  Rendered /Users/zhanghao/.rvm/rubies/ruby-2.0.0-p247/lib/ruby/gems/2.0.0/gems/actionpack-4.0.0/lib/action_dispatch/middleware/templates/rescues/_trace.erb (2.1ms)
  Rendered /Users/zhanghao/.rvm/rubies/ruby-2.0.0-p247/lib/ruby/gems/2.0.0/gems/actionpack-4.0.0/lib/action_dispatch/middleware/templates/routes/_route.html.erb (1.7ms)
  Rendered /Users/zhanghao/.rvm/rubies/ruby-2.0.0-p247/lib/ruby/gems/2.0.0/gems/actionpack-4.0.0/lib/action_dispatch/middleware/templates/routes/_table.html.erb (1.4ms)
  Rendered /Users/zhanghao/.rvm/rubies/ruby-2.0.0-p247/lib/ruby/gems/2.0.0/gems/actionpack-4.0.0/lib/action_dispatch/middleware/templates/rescues/routing_error.erb within rescues/layout (70.4ms)


Started GET "/client_workouts/find" for 127.0.0.1 at 2013-07-10 01:39:09 +0800
Processing by ClientWorkoutsController#show as HTML
  Parameters: {"id"=>"find"}
  [1m[36mClientWorkout Load (0.2ms)[0m  [1mSELECT "client_workouts".* FROM "client_workouts" WHERE "client_workouts"."id" = ? LIMIT 1[0m  [["id", "find"]]
Completed 404 Not Found in 2ms

ActiveRecord::RecordNotFound (Couldn't find ClientWorkout with id=find):
  app/controllers/client_workouts_controller.rb:67:in `set_client_workout'


  Rendered /Users/zhanghao/.rvm/rubies/ruby-2.0.0-p247/lib/ruby/gems/2.0.0/gems/actionpack-4.0.0/lib/action_dispatch/middleware/templates/rescues/_source.erb (1.4ms)
  Rendered /Users/zhanghao/.rvm/rubies/ruby-2.0.0-p247/lib/ruby/gems/2.0.0/gems/actionpack-4.0.0/lib/action_dispatch/middleware/templates/rescues/_trace.erb (1.8ms)
  Rendered /Users/zhanghao/.rvm/rubies/ruby-2.0.0-p247/lib/ruby/gems/2.0.0/gems/actionpack-4.0.0/lib/action_dispatch/middleware/templates/rescues/_request_and_response.erb (1.4ms)
  Rendered /Users/zhanghao/.rvm/rubies/ruby-2.0.0-p247/lib/ruby/gems/2.0.0/gems/actionpack-4.0.0/lib/action_dispatch/middleware/templates/rescues/diagnostics.erb within rescues/layout (45.7ms)


Started GET "/client_workouts/find" for 127.0.0.1 at 2013-07-10 01:39:14 +0800
Processing by ClientWorkoutsController#show as HTML
  Parameters: {"id"=>"find"}
  [1m[35mClientWorkout Load (0.3ms)[0m  SELECT "client_workouts".* FROM "client_workouts" WHERE "client_workouts"."id" = ? LIMIT 1  [["id", "find"]]
Completed 404 Not Found in 3ms

ActiveRecord::RecordNotFound (Couldn't find ClientWorkout with id=find):
  app/controllers/client_workouts_controller.rb:67:in `set_client_workout'


  Rendered /Users/zhanghao/.rvm/rubies/ruby-2.0.0-p247/lib/ruby/gems/2.0.0/gems/actionpack-4.0.0/lib/action_dispatch/middleware/templates/rescues/_source.erb (0.9ms)
  Rendered /Users/zhanghao/.rvm/rubies/ruby-2.0.0-p247/lib/ruby/gems/2.0.0/gems/actionpack-4.0.0/lib/action_dispatch/middleware/templates/rescues/_trace.erb (1.3ms)
  Rendered /Users/zhanghao/.rvm/rubies/ruby-2.0.0-p247/lib/ruby/gems/2.0.0/gems/actionpack-4.0.0/lib/action_dispatch/middleware/templates/rescues/_request_and_response.erb (1.2ms)
  Rendered /Users/zhanghao/.rvm/rubies/ruby-2.0.0-p247/lib/ruby/gems/2.0.0/gems/actionpack-4.0.0/lib/action_dispatch/middleware/templates/rescues/diagnostics.erb within rescues/layout (19.1ms)


Started GET "/client_workouts/1" for 127.0.0.1 at 2013-07-10 01:39:21 +0800
Processing by ClientWorkoutsController#show as HTML
  Parameters: {"id"=>"1"}
  [1m[36mClientWorkout Load (0.2ms)[0m  [1mSELECT "client_workouts".* FROM "client_workouts" WHERE "client_workouts"."id" = ? LIMIT 1[0m  [["id", "1"]]
  Rendered client_workouts/show.html.erb within layouts/client_workouts (0.7ms)
Completed 200 OK in 116ms (Views: 113.9ms | ActiveRecord: 0.2ms)


Started GET "/client_workouts" for 127.0.0.1 at 2013-07-10 01:40:08 +0800
Processing by ClientWorkoutsController#index as HTML
  [1m[35mClientWorkout Load (0.3ms)[0m  SELECT "client_workouts".* FROM "client_workouts"
  Rendered client_workouts/index.html.erb within layouts/client_workouts (4.1ms)
Completed 200 OK in 44ms (Views: 42.8ms | ActiveRecord: 0.3ms)


Started GET "/client_workouts/1" for 127.0.0.1 at 2013-07-10 01:40:34 +0800
Processing by ClientWorkoutsController#show as HTML
  Parameters: {"id"=>"1"}
  [1m[36mClientWorkout Load (0.2ms)[0m  [1mSELECT "client_workouts".* FROM "client_workouts" WHERE "client_workouts"."id" = ? LIMIT 1[0m  [["id", "1"]]
  Rendered client_workouts/show.html.erb within layouts/client_workouts (0.4ms)
Completed 200 OK in 12ms (Views: 10.5ms | ActiveRecord: 0.2ms)


Started GET "/client_workouts" for 127.0.0.1 at 2013-07-10 01:40:38 +0800
Processing by ClientWorkoutsController#index as HTML
  [1m[35mClientWorkout Load (0.2ms)[0m  SELECT "client_workouts".* FROM "client_workouts"
  Rendered client_workouts/index.html.erb within layouts/client_workouts (2.7ms)
Completed 200 OK in 14ms (Views: 13.2ms | ActiveRecord: 0.2ms)


Started GET "/client_workouts/1/edit" for 127.0.0.1 at 2013-07-10 01:40:39 +0800
Processing by ClientWorkoutsController#edit as HTML
  Parameters: {"id"=>"1"}
  [1m[36mClientWorkout Load (0.2ms)[0m  [1mSELECT "client_workouts".* FROM "client_workouts" WHERE "client_workouts"."id" = ? LIMIT 1[0m  [["id", "1"]]
  Rendered client_workouts/_form.html.erb (6.8ms)
  Rendered client_workouts/edit.html.erb within layouts/client_workouts (8.6ms)
Completed 200 OK in 48ms (Views: 46.6ms | ActiveRecord: 0.2ms)


Started GET "/client_workouts" for 127.0.0.1 at 2013-07-10 01:40:41 +0800
Processing by ClientWorkoutsController#index as HTML
  [1m[35mClientWorkout Load (0.2ms)[0m  SELECT "client_workouts".* FROM "client_workouts"
  Rendered client_workouts/index.html.erb within layouts/client_workouts (2.1ms)
Completed 200 OK in 11ms (Views: 10.2ms | ActiveRecord: 0.2ms)


Started GET "/client_workouts/new" for 127.0.0.1 at 2013-07-10 01:40:43 +0800
Processing by ClientWorkoutsController#new as HTML
  Rendered client_workouts/_form.html.erb (6.0ms)
  Rendered client_workouts/new.html.erb within layouts/client_workouts (6.8ms)
Completed 200 OK in 44ms (Views: 43.7ms | ActiveRecord: 0.0ms)


Started GET "/client_workouts" for 127.0.0.1 at 2013-07-10 01:40:44 +0800
Processing by ClientWorkoutsController#index as HTML
  [1m[36mClientWorkout Load (0.3ms)[0m  [1mSELECT "client_workouts".* FROM "client_workouts"[0m
  Rendered client_workouts/index.html.erb within layouts/client_workouts (3.6ms)
Completed 200 OK in 14ms (Views: 13.2ms | ActiveRecord: 0.3ms)


Started GET "/client_workouts" for 127.0.0.1 at 2013-07-10 01:45:28 +0800
Processing by ClientWorkoutsController#index as HTML
  [1m[35mClientWorkout Load (0.3ms)[0m  SELECT "client_workouts".* FROM "client_workouts"
  Rendered client_workouts/index.html.erb within layouts/client_workouts (2.9ms)
Completed 200 OK in 40ms (Views: 38.6ms | ActiveRecord: 0.3ms)


Started GET "/client_workouts/1" for 127.0.0.1 at 2013-07-10 01:45:31 +0800
Processing by ClientWorkoutsController#show as HTML
  Parameters: {"id"=>"1"}
  [1m[36mClientWorkout Load (0.3ms)[0m  [1mSELECT "client_workouts".* FROM "client_workouts" WHERE "client_workouts"."id" = ? LIMIT 1[0m  [["id", "1"]]
  Rendered client_workouts/show.html.erb within layouts/client_workouts (0.6ms)
Completed 200 OK in 16ms (Views: 13.4ms | ActiveRecord: 0.3ms)


Started GET "/client_workouts" for 127.0.0.1 at 2013-07-10 02:12:00 +0800
Processing by ClientWorkoutsController#index as HTML
  [1m[35mClientWorkout Load (0.2ms)[0m  SELECT "client_workouts".* FROM "client_workouts"
  Rendered client_workouts/index.html.erb within layouts/client_workouts (26.4ms)
Completed 200 OK in 63ms (Views: 58.9ms | ActiveRecord: 0.8ms)


Started POST "/client_workouts/find" for 127.0.0.1 at 2013-07-10 02:12:11 +0800

ActionController::RoutingError (No route matches [POST] "/client_workouts/find"):
  actionpack (4.0.0) lib/action_dispatch/middleware/debug_exceptions.rb:21:in `call'
  actionpack (4.0.0) lib/action_dispatch/middleware/show_exceptions.rb:30:in `call'
  railties (4.0.0) lib/rails/rack/logger.rb:38:in `call_app'
  railties (4.0.0) lib/rails/rack/logger.rb:21:in `block in call'
  activesupport (4.0.0) lib/active_support/tagged_logging.rb:67:in `block in tagged'
  activesupport (4.0.0) lib/active_support/tagged_logging.rb:25:in `tagged'
  activesupport (4.0.0) lib/active_support/tagged_logging.rb:67:in `tagged'
  railties (4.0.0) lib/rails/rack/logger.rb:21:in `call'
  actionpack (4.0.0) lib/action_dispatch/middleware/request_id.rb:21:in `call'
  rack (1.5.2) lib/rack/methodoverride.rb:21:in `call'
  rack (1.5.2) lib/rack/runtime.rb:17:in `call'
  activesupport (4.0.0) lib/active_support/cache/strategy/local_cache.rb:83:in `call'
  rack (1.5.2) lib/rack/lock.rb:17:in `call'
  actionpack (4.0.0) lib/action_dispatch/middleware/static.rb:64:in `call'
  railties (4.0.0) lib/rails/engine.rb:511:in `call'
  railties (4.0.0) lib/rails/application.rb:97:in `call'
  rack (1.5.2) lib/rack/lock.rb:17:in `call'
  rack (1.5.2) lib/rack/content_length.rb:14:in `call'
  rack (1.5.2) lib/rack/handler/webrick.rb:60:in `service'
  /Users/zhanghao/.rvm/rubies/ruby-2.0.0-p247/lib/ruby/2.0.0/webrick/httpserver.rb:138:in `service'
  /Users/zhanghao/.rvm/rubies/ruby-2.0.0-p247/lib/ruby/2.0.0/webrick/httpserver.rb:94:in `run'
  /Users/zhanghao/.rvm/rubies/ruby-2.0.0-p247/lib/ruby/2.0.0/webrick/server.rb:295:in `block in start_thread'


  Rendered /Users/zhanghao/.rvm/rubies/ruby-2.0.0-p247/lib/ruby/gems/2.0.0/gems/actionpack-4.0.0/lib/action_dispatch/middleware/templates/rescues/_trace.erb (1.3ms)
  Rendered /Users/zhanghao/.rvm/rubies/ruby-2.0.0-p247/lib/ruby/gems/2.0.0/gems/actionpack-4.0.0/lib/action_dispatch/middleware/templates/routes/_route.html.erb (2.0ms)
  Rendered /Users/zhanghao/.rvm/rubies/ruby-2.0.0-p247/lib/ruby/gems/2.0.0/gems/actionpack-4.0.0/lib/action_dispatch/middleware/templates/routes/_table.html.erb (1.2ms)
  Rendered /Users/zhanghao/.rvm/rubies/ruby-2.0.0-p247/lib/ruby/gems/2.0.0/gems/actionpack-4.0.0/lib/action_dispatch/middleware/templates/rescues/routing_error.erb within rescues/layout (26.3ms)


Started GET "/client_workouts/find" for 127.0.0.1 at 2013-07-10 02:15:00 +0800
Processing by ClientWorkoutsController#show as HTML
  Parameters: {"id"=>"find"}
  [1m[36mClientWorkout Load (0.4ms)[0m  [1mSELECT "client_workouts".* FROM "client_workouts" WHERE "client_workouts"."id" = ? LIMIT 1[0m  [["id", "find"]]
Completed 404 Not Found in 6ms

ActiveRecord::RecordNotFound (Couldn't find ClientWorkout with id=find):
  app/controllers/client_workouts_controller.rb:72:in `set_client_workout'


  Rendered /Users/zhanghao/.rvm/rubies/ruby-2.0.0-p247/lib/ruby/gems/2.0.0/gems/actionpack-4.0.0/lib/action_dispatch/middleware/templates/rescues/_source.erb (0.7ms)
  Rendered /Users/zhanghao/.rvm/rubies/ruby-2.0.0-p247/lib/ruby/gems/2.0.0/gems/actionpack-4.0.0/lib/action_dispatch/middleware/templates/rescues/_trace.erb (1.2ms)
  Rendered /Users/zhanghao/.rvm/rubies/ruby-2.0.0-p247/lib/ruby/gems/2.0.0/gems/actionpack-4.0.0/lib/action_dispatch/middleware/templates/rescues/_request_and_response.erb (1.0ms)
  Rendered /Users/zhanghao/.rvm/rubies/ruby-2.0.0-p247/lib/ruby/gems/2.0.0/gems/actionpack-4.0.0/lib/action_dispatch/middleware/templates/rescues/diagnostics.erb within rescues/layout (17.5ms)


Started GET "/client_workouts/" for 127.0.0.1 at 2013-07-10 02:20:27 +0800

RuntimeError (You should not use the `match` method in your router without specifying an HTTP method.
If you want to expose your action to both GET and POST, add `via: [:get, :post]` option.
If you want to expose your action to GET, use `get` in the router:
  Instead of: match "controller#action"
  Do: get "controller#action"):
  config/routes.rb:3:in `block in <top (required)>'
  config/routes.rb:1:in `<top (required)>'


  Rendered /Users/zhanghao/.rvm/rubies/ruby-2.0.0-p247/lib/ruby/gems/2.0.0/gems/actionpack-4.0.0/lib/action_dispatch/middleware/templates/rescues/_source.erb (0.8ms)
  Rendered /Users/zhanghao/.rvm/rubies/ruby-2.0.0-p247/lib/ruby/gems/2.0.0/gems/actionpack-4.0.0/lib/action_dispatch/middleware/templates/rescues/_trace.erb (1.0ms)
  Rendered /Users/zhanghao/.rvm/rubies/ruby-2.0.0-p247/lib/ruby/gems/2.0.0/gems/actionpack-4.0.0/lib/action_dispatch/middleware/templates/rescues/_request_and_response.erb (1.1ms)
  Rendered /Users/zhanghao/.rvm/rubies/ruby-2.0.0-p247/lib/ruby/gems/2.0.0/gems/actionpack-4.0.0/lib/action_dispatch/middleware/templates/rescues/diagnostics.erb within rescues/layout (16.7ms)


Started GET "/client_workouts/" for 127.0.0.1 at 2013-07-10 02:21:12 +0800

SyntaxError (/Users/zhanghao/client_workouts/config/routes.rb:3: syntax error, unexpected tIDENTIFIER, expecting keyword_end
  match ':controller(/:action(/:id(/:format)))' via: [:get, :post]
                                                   ^):
  activesupport (4.0.0) lib/active_support/dependencies.rb:222:in `load'
  activesupport (4.0.0) lib/active_support/dependencies.rb:222:in `block in load'
  activesupport (4.0.0) lib/active_support/dependencies.rb:213:in `load_dependency'
  activesupport (4.0.0) lib/active_support/dependencies.rb:222:in `load'
  railties (4.0.0) lib/rails/application/routes_reloader.rb:40:in `block in load_paths'
  railties (4.0.0) lib/rails/application/routes_reloader.rb:40:in `each'
  railties (4.0.0) lib/rails/application/routes_reloader.rb:40:in `load_paths'
  railties (4.0.0) lib/rails/application/routes_reloader.rb:16:in `reload!'
  railties (4.0.0) lib/rails/application/routes_reloader.rb:26:in `block in updater'
  activesupport (4.0.0) lib/active_support/file_update_checker.rb:75:in `call'
  activesupport (4.0.0) lib/active_support/file_update_checker.rb:75:in `execute'
  railties (4.0.0) lib/rails/application/routes_reloader.rb:7:in `execute'
  railties (4.0.0) lib/rails/application/finisher.rb:81:in `block (2 levels) in <module:Finisher>'
  activesupport (4.0.0) lib/active_support/callbacks.rb:397:in `_run__2845661868273358092__prepare__callbacks'
  activesupport (4.0.0) lib/active_support/callbacks.rb:80:in `run_callbacks'
  actionpack (4.0.0) lib/action_dispatch/middleware/reloader.rb:74:in `prepare!'
  actionpack (4.0.0) lib/action_dispatch/middleware/reloader.rb:62:in `call'
  actionpack (4.0.0) lib/action_dispatch/middleware/remote_ip.rb:76:in `call'
  actionpack (4.0.0) lib/action_dispatch/middleware/debug_exceptions.rb:17:in `call'
  actionpack (4.0.0) lib/action_dispatch/middleware/show_exceptions.rb:30:in `call'
  railties (4.0.0) lib/rails/rack/logger.rb:38:in `call_app'
  railties (4.0.0) lib/rails/rack/logger.rb:21:in `block in call'
  activesupport (4.0.0) lib/active_support/tagged_logging.rb:67:in `block in tagged'
  activesupport (4.0.0) lib/active_support/tagged_logging.rb:25:in `tagged'
  activesupport (4.0.0) lib/active_support/tagged_logging.rb:67:in `tagged'
  railties (4.0.0) lib/rails/rack/logger.rb:21:in `call'
  actionpack (4.0.0) lib/action_dispatch/middleware/request_id.rb:21:in `call'
  rack (1.5.2) lib/rack/methodoverride.rb:21:in `call'
  rack (1.5.2) lib/rack/runtime.rb:17:in `call'
  activesupport (4.0.0) lib/active_support/cache/strategy/local_cache.rb:83:in `call'
  rack (1.5.2) lib/rack/lock.rb:17:in `call'
  actionpack (4.0.0) lib/action_dispatch/middleware/static.rb:64:in `call'
  railties (4.0.0) lib/rails/engine.rb:511:in `call'
  railties (4.0.0) lib/rails/application.rb:97:in `call'
  rack (1.5.2) lib/rack/lock.rb:17:in `call'
  rack (1.5.2) lib/rack/content_length.rb:14:in `call'
  rack (1.5.2) lib/rack/handler/webrick.rb:60:in `service'
  /Users/zhanghao/.rvm/rubies/ruby-2.0.0-p247/lib/ruby/2.0.0/webrick/httpserver.rb:138:in `service'
  /Users/zhanghao/.rvm/rubies/ruby-2.0.0-p247/lib/ruby/2.0.0/webrick/httpserver.rb:94:in `run'
  /Users/zhanghao/.rvm/rubies/ruby-2.0.0-p247/lib/ruby/2.0.0/webrick/server.rb:295:in `block in start_thread'


  Rendered /Users/zhanghao/.rvm/rubies/ruby-2.0.0-p247/lib/ruby/gems/2.0.0/gems/actionpack-4.0.0/lib/action_dispatch/middleware/templates/rescues/_source.erb (0.5ms)
  Rendered /Users/zhanghao/.rvm/rubies/ruby-2.0.0-p247/lib/ruby/gems/2.0.0/gems/actionpack-4.0.0/lib/action_dispatch/middleware/templates/rescues/_trace.erb (1.2ms)
  Rendered /Users/zhanghao/.rvm/rubies/ruby-2.0.0-p247/lib/ruby/gems/2.0.0/gems/actionpack-4.0.0/lib/action_dispatch/middleware/templates/rescues/_request_and_response.erb (0.9ms)
  Rendered /Users/zhanghao/.rvm/rubies/ruby-2.0.0-p247/lib/ruby/gems/2.0.0/gems/actionpack-4.0.0/lib/action_dispatch/middleware/templates/rescues/diagnostics.erb within rescues/layout (16.2ms)


Started GET "/client_workouts/" for 127.0.0.1 at 2013-07-10 02:23:03 +0800

SyntaxError (/Users/zhanghao/client_workouts/config/routes.rb:3: syntax error, unexpected tIDENTIFIER, expecting keyword_end
  match ':controller(/:action(/:id(/:format)))' via:[:get, :post]
                                                   ^):
  activesupport (4.0.0) lib/active_support/dependencies.rb:222:in `load'
  activesupport (4.0.0) lib/active_support/dependencies.rb:222:in `block in load'
  activesupport (4.0.0) lib/active_support/dependencies.rb:213:in `load_dependency'
  activesupport (4.0.0) lib/active_support/dependencies.rb:222:in `load'
  railties (4.0.0) lib/rails/application/routes_reloader.rb:40:in `block in load_paths'
  railties (4.0.0) lib/rails/application/routes_reloader.rb:40:in `each'
  railties (4.0.0) lib/rails/application/routes_reloader.rb:40:in `load_paths'
  railties (4.0.0) lib/rails/application/routes_reloader.rb:16:in `reload!'
  railties (4.0.0) lib/rails/application/routes_reloader.rb:26:in `block in updater'
  activesupport (4.0.0) lib/active_support/file_update_checker.rb:75:in `call'
  activesupport (4.0.0) lib/active_support/file_update_checker.rb:75:in `execute'
  railties (4.0.0) lib/rails/application/routes_reloader.rb:7:in `execute'
  railties (4.0.0) lib/rails/application/finisher.rb:81:in `block (2 levels) in <module:Finisher>'
  activesupport (4.0.0) lib/active_support/callbacks.rb:397:in `_run__2845661868273358092__prepare__callbacks'
  activesupport (4.0.0) lib/active_support/callbacks.rb:80:in `run_callbacks'
  actionpack (4.0.0) lib/action_dispatch/middleware/reloader.rb:74:in `prepare!'
  actionpack (4.0.0) lib/action_dispatch/middleware/reloader.rb:62:in `call'
  actionpack (4.0.0) lib/action_dispatch/middleware/remote_ip.rb:76:in `call'
  actionpack (4.0.0) lib/action_dispatch/middleware/debug_exceptions.rb:17:in `call'
  actionpack (4.0.0) lib/action_dispatch/middleware/show_exceptions.rb:30:in `call'
  railties (4.0.0) lib/rails/rack/logger.rb:38:in `call_app'
  railties (4.0.0) lib/rails/rack/logger.rb:21:in `block in call'
  activesupport (4.0.0) lib/active_support/tagged_logging.rb:67:in `block in tagged'
  activesupport (4.0.0) lib/active_support/tagged_logging.rb:25:in `tagged'
  activesupport (4.0.0) lib/active_support/tagged_logging.rb:67:in `tagged'
  railties (4.0.0) lib/rails/rack/logger.rb:21:in `call'
  actionpack (4.0.0) lib/action_dispatch/middleware/request_id.rb:21:in `call'
  rack (1.5.2) lib/rack/methodoverride.rb:21:in `call'
  rack (1.5.2) lib/rack/runtime.rb:17:in `call'
  activesupport (4.0.0) lib/active_support/cache/strategy/local_cache.rb:83:in `call'
  rack (1.5.2) lib/rack/lock.rb:17:in `call'
  actionpack (4.0.0) lib/action_dispatch/middleware/static.rb:64:in `call'
  railties (4.0.0) lib/rails/engine.rb:511:in `call'
  railties (4.0.0) lib/rails/application.rb:97:in `call'
  rack (1.5.2) lib/rack/lock.rb:17:in `call'
  rack (1.5.2) lib/rack/content_length.rb:14:in `call'
  rack (1.5.2) lib/rack/handler/webrick.rb:60:in `service'
  /Users/zhanghao/.rvm/rubies/ruby-2.0.0-p247/lib/ruby/2.0.0/webrick/httpserver.rb:138:in `service'
  /Users/zhanghao/.rvm/rubies/ruby-2.0.0-p247/lib/ruby/2.0.0/webrick/httpserver.rb:94:in `run'
  /Users/zhanghao/.rvm/rubies/ruby-2.0.0-p247/lib/ruby/2.0.0/webrick/server.rb:295:in `block in start_thread'


  Rendered /Users/zhanghao/.rvm/rubies/ruby-2.0.0-p247/lib/ruby/gems/2.0.0/gems/actionpack-4.0.0/lib/action_dispatch/middleware/templates/rescues/_source.erb (0.6ms)
  Rendered /Users/zhanghao/.rvm/rubies/ruby-2.0.0-p247/lib/ruby/gems/2.0.0/gems/actionpack-4.0.0/lib/action_dispatch/middleware/templates/rescues/_trace.erb (1.1ms)
  Rendered /Users/zhanghao/.rvm/rubies/ruby-2.0.0-p247/lib/ruby/gems/2.0.0/gems/actionpack-4.0.0/lib/action_dispatch/middleware/templates/rescues/_request_and_response.erb (35.6ms)
  Rendered /Users/zhanghao/.rvm/rubies/ruby-2.0.0-p247/lib/ruby/gems/2.0.0/gems/actionpack-4.0.0/lib/action_dispatch/middleware/templates/rescues/diagnostics.erb within rescues/layout (52.0ms)


Started GET "/client_workouts/" for 127.0.0.1 at 2013-07-10 02:23:12 +0800

RuntimeError (You should not use the `match` method in your router without specifying an HTTP method.
If you want to expose your action to both GET and POST, add `via: [:get, :post]` option.
If you want to expose your action to GET, use `get` in the router:
  Instead of: match "controller#action"
  Do: get "controller#action"):
  config/routes.rb:3:in `block in <top (required)>'
  config/routes.rb:1:in `<top (required)>'


  Rendered /Users/zhanghao/.rvm/rubies/ruby-2.0.0-p247/lib/ruby/gems/2.0.0/gems/actionpack-4.0.0/lib/action_dispatch/middleware/templates/rescues/_source.erb (0.7ms)
  Rendered /Users/zhanghao/.rvm/rubies/ruby-2.0.0-p247/lib/ruby/gems/2.0.0/gems/actionpack-4.0.0/lib/action_dispatch/middleware/templates/rescues/_trace.erb (1.5ms)
  Rendered /Users/zhanghao/.rvm/rubies/ruby-2.0.0-p247/lib/ruby/gems/2.0.0/gems/actionpack-4.0.0/lib/action_dispatch/middleware/templates/rescues/_request_and_response.erb (1.0ms)
  Rendered /Users/zhanghao/.rvm/rubies/ruby-2.0.0-p247/lib/ruby/gems/2.0.0/gems/actionpack-4.0.0/lib/action_dispatch/middleware/templates/rescues/diagnostics.erb within rescues/layout (19.5ms)


Started GET "/client_workouts/" for 127.0.0.1 at 2013-07-10 02:24:24 +0800

NoMethodError (undefined method `key?' for "via:[:get,:post]":String):
  config/routes.rb:3:in `block in <top (required)>'
  config/routes.rb:1:in `<top (required)>'


  Rendered /Users/zhanghao/.rvm/rubies/ruby-2.0.0-p247/lib/ruby/gems/2.0.0/gems/actionpack-4.0.0/lib/action_dispatch/middleware/templates/rescues/_source.erb (0.6ms)
  Rendered /Users/zhanghao/.rvm/rubies/ruby-2.0.0-p247/lib/ruby/gems/2.0.0/gems/actionpack-4.0.0/lib/action_dispatch/middleware/templates/rescues/_trace.erb (1.1ms)
  Rendered /Users/zhanghao/.rvm/rubies/ruby-2.0.0-p247/lib/ruby/gems/2.0.0/gems/actionpack-4.0.0/lib/action_dispatch/middleware/templates/rescues/_request_and_response.erb (1.4ms)
  Rendered /Users/zhanghao/.rvm/rubies/ruby-2.0.0-p247/lib/ruby/gems/2.0.0/gems/actionpack-4.0.0/lib/action_dispatch/middleware/templates/rescues/diagnostics.erb within rescues/layout (17.4ms)


Started GET "/client_workouts/" for 127.0.0.1 at 2013-07-10 02:24:51 +0800
Processing by ClientWorkoutsController#index as HTML
  [1m[35mClientWorkout Load (0.5ms)[0m  SELECT "client_workouts".* FROM "client_workouts"
  Rendered client_workouts/index.html.erb within layouts/client_workouts (29.0ms)
Completed 200 OK in 88ms (Views: 82.7ms | ActiveRecord: 1.9ms)


Started POST "/client_workouts/find" for 127.0.0.1 at 2013-07-10 02:24:58 +0800
Processing by ClientWorkoutsController#find as HTML
  Parameters: {"utf8"=>"✓", "authenticity_token"=>"v7SWfB5bt6BlMLCt3XZ9Xb6aB0soPMrHf3rgAkqwVAE=", "search_string"=>"lenny", "commit"=>"Search"}
Completed 500 Internal Server Error in 6ms

NameError (undefined local variable or method `client_workout' for #<ClientWorkoutsController:0x007fecff981220>):
  app/controllers/client_workouts_controller.rb:66:in `find'


  Rendered /Users/zhanghao/.rvm/rubies/ruby-2.0.0-p247/lib/ruby/gems/2.0.0/gems/actionpack-4.0.0/lib/action_dispatch/middleware/templates/rescues/_source.erb (0.8ms)
  Rendered /Users/zhanghao/.rvm/rubies/ruby-2.0.0-p247/lib/ruby/gems/2.0.0/gems/actionpack-4.0.0/lib/action_dispatch/middleware/templates/rescues/_trace.erb (1.2ms)
  Rendered /Users/zhanghao/.rvm/rubies/ruby-2.0.0-p247/lib/ruby/gems/2.0.0/gems/actionpack-4.0.0/lib/action_dispatch/middleware/templates/rescues/_request_and_response.erb (1.4ms)
  Rendered /Users/zhanghao/.rvm/rubies/ruby-2.0.0-p247/lib/ruby/gems/2.0.0/gems/actionpack-4.0.0/lib/action_dispatch/middleware/templates/rescues/diagnostics.erb within rescues/layout (53.1ms)


Started GET "/client_workouts" for 127.0.0.1 at 2013-07-10 02:34:36 +0800
Processing by ClientWorkoutsController#index as HTML
  [1m[36mClientWorkout Load (0.2ms)[0m  [1mSELECT "client_workouts".* FROM "client_workouts"[0m
  Rendered client_workouts/index.html.erb within layouts/client_workouts (24.1ms)
Completed 200 OK in 79ms (Views: 74.9ms | ActiveRecord: 1.0ms)


Started POST "/client_workouts/find" for 127.0.0.1 at 2013-07-10 02:34:40 +0800
Processing by ClientWorkoutsController#find as HTML
  Parameters: {"utf8"=>"✓", "authenticity_token"=>"v7SWfB5bt6BlMLCt3XZ9Xb6aB0soPMrHf3rgAkqwVAE=", "search_string"=>"lenny", "commit"=>"Search"}
DEPRECATION WARNING: This dynamic method is deprecated. Please use e.g. Post.where(...).all instead. (called from find at /Users/zhanghao/client_workouts/app/controllers/client_workouts_controller.rb:66)
  [1m[35mClientWorkout Load (0.3ms)[0m  SELECT "client_workouts".* FROM "client_workouts" WHERE "client_workouts"."client_name" = 'lenny'
  Rendered client_workouts/find.html.erb within layouts/client_workouts (1.3ms)
Completed 500 Internal Server Error in 283ms

ActionView::Template::Error (undefined method `each' for nil:NilClass):
     8:   <th>Paid amount</th>
     9: </tr>
    10: 
    11: <% for client_workouts in @client_workouts %>
    12:   <tr>
    13:     <td><%=h client_workouts.trainer %></td>
    14:     <td><%=h client_workouts.duration_mins%></td>
  app/views/client_workouts/find.html.erb:11:in `_app_views_client_workouts_find_html_erb__4607870812846361480_70327917639880'


  Rendered /Users/zhanghao/.rvm/rubies/ruby-2.0.0-p247/lib/ruby/gems/2.0.0/gems/actionpack-4.0.0/lib/action_dispatch/middleware/templates/rescues/_trace.erb (1.4ms)
  Rendered /Users/zhanghao/.rvm/rubies/ruby-2.0.0-p247/lib/ruby/gems/2.0.0/gems/actionpack-4.0.0/lib/action_dispatch/middleware/templates/rescues/_request_and_response.erb (1.0ms)
  Rendered /Users/zhanghao/.rvm/rubies/ruby-2.0.0-p247/lib/ruby/gems/2.0.0/gems/actionpack-4.0.0/lib/action_dispatch/middleware/templates/rescues/template_error.erb within rescues/layout (13.2ms)


Started GET "/client_workouts" for 127.0.0.1 at 2013-07-10 02:36:41 +0800
Processing by ClientWorkoutsController#index as HTML
  [1m[36mClientWorkout Load (0.1ms)[0m  [1mSELECT "client_workouts".* FROM "client_workouts"[0m
  Rendered client_workouts/index.html.erb within layouts/client_workouts (24.7ms)
Completed 200 OK in 37ms (Views: 33.1ms | ActiveRecord: 0.7ms)


Started POST "/client_workouts/find" for 127.0.0.1 at 2013-07-10 02:36:44 +0800
Processing by ClientWorkoutsController#find as HTML
  Parameters: {"utf8"=>"✓", "authenticity_token"=>"v7SWfB5bt6BlMLCt3XZ9Xb6aB0soPMrHf3rgAkqwVAE=", "search_string"=>"lenny", "commit"=>"Search"}
DEPRECATION WARNING: This dynamic method is deprecated. Please use e.g. Post.where(...).all instead. (called from find at /Users/zhanghao/client_workouts/app/controllers/client_workouts_controller.rb:66)
  [1m[35mClientWorkout Load (0.2ms)[0m  SELECT "client_workouts".* FROM "client_workouts" WHERE "client_workouts"."client_name" = 'lenny'
DEPRECATION WARNING: :confirm option is deprecated and will be removed from Rails 4.1. Use 'data: { confirm: 'Text' }' instead. (called from block in _app_views_client_workouts_find_html_erb__4607870812846361480_70327917639880 at /Users/zhanghao/client_workouts/app/views/client_workouts/find.html.erb:19)
DEPRECATION WARNING: :confirm option is deprecated and will be removed from Rails 4.1. Use 'data: { confirm: 'Text' }' instead. (called from block in _app_views_client_workouts_find_html_erb__4607870812846361480_70327917639880 at /Users/zhanghao/client_workouts/app/views/client_workouts/find.html.erb:19)
  Rendered client_workouts/find.html.erb within layouts/client_workouts (1.9ms)
Completed 200 OK in 13ms (Views: 10.7ms | ActiveRecord: 0.2ms)
